<?xml version="1.0" encoding="utf-8"?><testsuites><testsuite name="pytest" errors="0" failures="0" skipped="0" tests="1" time="4.458" timestamp="2023-06-19T21:15:26.547774" hostname="Neptun.local"><testcase classname="tests.e2e.test_api_dedup_organizations" name="test_api_dedup_organizations_with_reference_table_name" time="4.303" /></testsuite></testsuites>