<?xml version="1.0" encoding="utf-8"?><testsuites><testsuite name="pytest" errors="0" failures="0" skipped="0" tests="1" time="4.134" timestamp="2023-06-19T20:31:46.071683" hostname="Neptun.local"><testcase classname="tests.e2e.test_api_dedup_organizations" name="test_api_dedup_organizations" time="3.987" /></testsuite></testsuites>