<?xml version="1.0" encoding="utf-8"?><testsuites><testsuite name="pytest" errors="0" failures="0" skipped="0" tests="1" time="0.974" timestamp="2023-06-19T16:25:07.661813" hostname="Neptun.local"><testcase classname="tests.unit.test_organization_registry" name="test_organization_registry_get_organization_record_links" time="0.356" /></testsuite></testsuites>